Removed Pin From Net: NetName=VCC 3.3V Pin=P1-1
Removed Pin From Net: NetName=DATA_TEMP_1 Pin=P1-2
Removed Pin From Net: NetName=GND Pin=P1-3
Removed Pin From Net: NetName=VCC 3.3V Pin=P2-1
Removed Pin From Net: NetName=DATA_TEMP_2 Pin=P2-2
Removed Pin From Net: NetName=GND Pin=P2-3
Removed Pin From Net: NetName=V IN Pin=P4-1
Removed Pin From Net: NetName=GND Pin=P4-2
Removed Pin From Net: NetName=VCC 3.3V Pin=R2-1
Removed Pin From Net: NetName=DATA_TEMP_1 Pin=R2-2
Removed Pin From Net: NetName=VCC 3.3V Pin=R3-1
Removed Pin From Net: NetName=DATA_TEMP_2 Pin=R3-2
Removed Pin From Net: NetName=VCC 5V Pin=R7-2
Removed Pin From Net: NetName=TFT LED ENABLE Pin=R9-2
Removed Pin From Net: NetName=VCC 3.3V Pin=R12-2
Removed Pin From Net: NetName=BUTTON_1 Pin=U1-3
Removed Pin From Net: NetName=BUTTON_2 Pin=U1-4
Removed Pin From Net: NetName=SWITCH Pin=U1-9
Removed Pin From Net: NetName=CAN INT Pin=U1-16
Removed Pin From Net: NetName=CAN INT Pin=U1-16
Removed Pin From Net: NetName=MOSI Pin=U1-17
Removed Pin From Net: NetName=SCK Pin=U1-18
Removed Pin From Net: NetName=MISO Pin=U1-19
Removed Pin From Net: NetName=VCC 3.3V Pin=U2-1
Removed Pin From Net: NetName=GND Pin=U2-2
Removed Pin From Net: NetName=RST TFT Pin=U2-4
Removed Pin From Net: NetName=DC TFT Pin=U2-5
Removed Pin From Net: NetName=MOSI Pin=U2-6
Removed Pin From Net: NetName=SCK Pin=U2-7
Removed Pin From Net: NetName=CS FRAM Pin=U3-1
Removed Pin From Net: NetName=MISO Pin=U3-2
Removed Pin From Net: NetName=VCC 3.3V Pin=U3-3
Removed Pin From Net: NetName=GND Pin=U3-4
Removed Pin From Net: NetName=MOSI Pin=U3-5
Removed Pin From Net: NetName=SCK Pin=U3-6
Removed Pin From Net: NetName=VCC 3.3V Pin=U3-7
Removed Pin From Net: NetName=VCC 3.3V Pin=U3-8
Removed Pin From Net: NetName=TFT LED ENABLE Pin=U5-3
Removed Pin From Net: NetName=MOSI Pin=X1-3
Removed Pin From Net: NetName=VCC 3.3V Pin=X1-4
Removed Pin From Net: NetName=SCK Pin=X1-5
Removed Pin From Net: NetName=MISO Pin=X1-7
Change Net Name : Old Net Name=BUTTON_1 New Net Name=NetC4_2
Change Net Name : Old Net Name=BUTTON_2 New Net Name=NetC5_2
Change Net Name : Old Net Name=SWITCH New Net Name=NetC3_1
Added Pin To Net: NetName=BUTTON_1 Pin=U1-3
Added Net: Name=BUTTON_1
Added Pin To Net: NetName=BUTTON_2 Pin=U1-4
Added Net: Name=BUTTON_2
Added Pin To Net: NetName=NetP1_1 Pin=P1-1
Added Pin To Net: NetName=NetP1_1 Pin=R2-1
Added Net: Name=NetP1_1
Added Pin To Net: NetName=NetP1_2 Pin=P1-2
Added Pin To Net: NetName=NetP1_2 Pin=R2-2
Added Net: Name=NetP1_2
Added Pin To Net: NetName=NetP2_1 Pin=P2-1
Added Pin To Net: NetName=NetP2_1 Pin=R3-1
Added Net: Name=NetP2_1
Added Pin To Net: NetName=NetP2_2 Pin=P2-2
Added Pin To Net: NetName=NetP2_2 Pin=R3-2
Added Net: Name=NetP2_2
Added Pin To Net: NetName=NetR9_2 Pin=R9-2
Added Pin To Net: NetName=NetR9_2 Pin=U5-3
Added Net: Name=NetR9_2
Added Pin To Net: NetName=SWITCH Pin=U1-9
Added Net: Name=SWITCH
