Removed Pin From Net: NetName=VCC 5V SYS Pin=P7-1
Removed Pin From Net: NetName=GND Pin=P7-2
Removed Pin From Net: NetName=CS CAN Pin=P7-3
Removed Pin From Net: NetName=MISO Pin=P7-4
Removed Pin From Net: NetName=MOSI Pin=P7-5
Removed Pin From Net: NetName=SCK Pin=P7-6
Removed Pin From Net: NetName=CAN INT Pin=P7-7
Removed Member From Class: ClassName=Beetech GSM MKR1400 Member=P7
Added Component: Designator=P3(7PIN)
Add component (AddParameter): Name = "LatestRevisionDate"; Value = "17-Jul-2002"; VariantName = "[No Variations]"
Add component (AddParameter): Name = "LatestRevisionNote"; Value = "Re-released for DXP Platform."; VariantName = "[No Variations]"
Add component (AddParameter): Name = "Publisher"; Value = "Altium Limited"; VariantName = "[No Variations]"
Added Pin To Net: NetName=VCC 5V SYS Pin=P3-1
Added Pin To Net: NetName=GND Pin=P3-2
Added Pin To Net: NetName=CS CAN Pin=P3-3
Added Pin To Net: NetName=MISO Pin=P3-4
Added Pin To Net: NetName=MOSI Pin=P3-5
Added Pin To Net: NetName=SCK Pin=P3-6
Added Pin To Net: NetName=CAN INT Pin=P3-7
Added Member To Class: ClassName=Beetech GSM MKR1400 Member=Component P3 8-Pin
