Added Component: Designator=R9(RES 0603 FOOTPRINT)
Add component (AddParameter): Name = "Bezeichnung"; Value = "R SMD"; VariantName = "[No Variations]"
Add component (AddParameter): Name = "Haendler"; Value = "Mouser"; VariantName = "[No Variations]"
Add component (AddParameter): Name = "Haendler Nr"; Value = "603-AC0603FR-0747KL"; VariantName = "[No Variations]"
Add component (AddParameter): Name = "Hersteller"; Value = "Yageo"; VariantName = "[No Variations]"
Add component (AddParameter): Name = "Hersteller Nr"; Value = "AC0603FR-0747KL"; VariantName = "[No Variations]"
Add component (AddParameter): Name = "housing/footprint"; Value = "0603"; VariantName = "[No Variations]"
Add component (AddParameter): Name = "Preis (CHF)"; Value = "0.01"; VariantName = "[No Variations]"
Add component (AddParameter): Name = "Value"; Value = "47k"; VariantName = "[No Variations]"
Added Pin To Net: NetName=VCC 3.3V Pin=P1-1
Added Pin To Net: NetName=DATA_TEMP_1 Pin=P1-2
Added Pin To Net: NetName=GND Pin=P1-3
Added Pin To Net: NetName=VCC 3.3V Pin=P2-1
Added Pin To Net: NetName=DATA_TEMP_2 Pin=P2-2
Added Pin To Net: NetName=GND Pin=P2-3
Added Pin To Net: NetName=V IN Pin=P4-1
Added Pin To Net: NetName=GND Pin=P4-2
Added Pin To Net: NetName=VCC 3.3V Pin=R2-1
Added Pin To Net: NetName=DATA_TEMP_1 Pin=R2-2
Added Pin To Net: NetName=VCC 3.3V Pin=R3-1
Added Pin To Net: NetName=DATA_TEMP_2 Pin=R3-2
Added Pin To Net: NetName=VCC 5V Pin=R7-2
Added Pin To Net: NetName=GND Pin=R9-1
Added Pin To Net: NetName=TFT LED ENABLE Pin=R9-2
Added Pin To Net: NetName=VCC 3.3V Pin=R12-2
Added Pin To Net: NetName=NetC4_2 Pin=U1-3
Added Pin To Net: NetName=NetC5_2 Pin=U1-4
Added Pin To Net: NetName=NetC3_1 Pin=U1-9
Added Pin To Net: NetName=CAN INT Pin=U1-16
Added Pin To Net: NetName=CAN INT Pin=U1-16
Added Pin To Net: NetName=MOSI Pin=U1-17
Added Pin To Net: NetName=SCK Pin=U1-18
Added Pin To Net: NetName=MISO Pin=U1-19
Added Pin To Net: NetName=CS CAN Pin=U1-22
Added Pin To Net: NetName=GND Pin=U1-25
Added Pin To Net: NetName=VCC 3.3V Pin=U2-1
Added Pin To Net: NetName=GND Pin=U2-2
Added Pin To Net: NetName=RST TFT Pin=U2-4
Added Pin To Net: NetName=DC TFT Pin=U2-5
Added Pin To Net: NetName=MOSI Pin=U2-6
Added Pin To Net: NetName=SCK Pin=U2-7
Added Pin To Net: NetName=CS FRAM Pin=U3-1
Added Pin To Net: NetName=MISO Pin=U3-2
Added Pin To Net: NetName=VCC 3.3V Pin=U3-3
Added Pin To Net: NetName=GND Pin=U3-4
Added Pin To Net: NetName=MOSI Pin=U3-5
Added Pin To Net: NetName=SCK Pin=U3-6
Added Pin To Net: NetName=VCC 3.3V Pin=U3-7
Added Pin To Net: NetName=VCC 3.3V Pin=U3-8
Added Pin To Net: NetName=TFT LED ENABLE Pin=U5-3
Added Pin To Net: NetName=MOSI Pin=X1-3
Added Pin To Net: NetName=VCC 3.3V Pin=X1-4
Added Pin To Net: NetName=SCK Pin=X1-5
Added Pin To Net: NetName=MISO Pin=X1-7
Change Net Name : Old Net Name=NetC3_1 New Net Name=SWITCH
Change Net Name : Old Net Name=NetC4_2 New Net Name=BUTTON_1
Change Net Name : Old Net Name=NetC5_2 New Net Name=BUTTON_2
Change Net Name : Old Net Name=NetR7_1 New Net Name=V IN uC
Added Pin To Net: NetName=CS SD CARD Pin=U1-15
Added Pin To Net: NetName=CS SD CARD Pin=X1-2
Added Net: Name=CS SD CARD
Added Pin To Net: NetName=CS TFT Pin=U1-23
Added Pin To Net: NetName=CS TFT Pin=U2-3
Added Net: Name=CS TFT
Added Pin To Net: NetName=LED TFT Pin=U2-8
Added Pin To Net: NetName=LED TFT Pin=U5-6
Added Net: Name=LED TFT
Added Member To Class: ClassName=Beetech GSM MKR1400 Member=Component C6 10uF 0603
Added Member To Class: ClassName=Beetech GSM MKR1400 Member=Component R9 47k Ohm 0603
