Removed Pin From Net: NetName=MISO Pin=U1-19
Removed Pin From Net: NetName=SCK Pin=U7-4
Removed Pin From Net: NetName=MOSI Pin=U7-5
Added Component: Designator=R10(RES 0603 FOOTPRINT)
Add component (AddParameter): Name = "Bezeichnung"; Value = "R SMD"; VariantName = "[No Variations]"
Add component (AddParameter): Name = "Haendler"; Value = "Mouser"; VariantName = "[No Variations]"
Add component (AddParameter): Name = "Haendler2"; Value = "Farnell"; VariantName = "[No Variations]"
Add component (AddParameter): Name = "Haendler2 Nr"; Value = "2447301"; VariantName = "[No Variations]"
Add component (AddParameter): Name = "HAendler Nr"; Value = "603-RC0603FR-0722RL"; VariantName = "[No Variations]"
Add component (AddParameter): Name = "Hersteller"; Value = ""; VariantName = "[No Variations]"
Add component (AddParameter): Name = "Hersteller Nr"; Value = ""; VariantName = "[No Variations]"
Add component (AddParameter): Name = "housing/footprint"; Value = "0603"; VariantName = "[No Variations]"
Add component (AddParameter): Name = "Preis (CHF)"; Value = "0.01"; VariantName = "[No Variations]"
Add component (AddParameter): Name = "Value"; Value = "22"; VariantName = "[No Variations]"
Added Component: Designator=R11(RES 0603 FOOTPRINT)
Add component (AddParameter): Name = "Bezeichnung"; Value = "R SMD"; VariantName = "[No Variations]"
Add component (AddParameter): Name = "Haendler"; Value = "Mouser"; VariantName = "[No Variations]"
Add component (AddParameter): Name = "Haendler2"; Value = "Farnell"; VariantName = "[No Variations]"
Add component (AddParameter): Name = "Haendler2 Nr"; Value = "2447301"; VariantName = "[No Variations]"
Add component (AddParameter): Name = "HAendler Nr"; Value = "603-RC0603FR-0722RL"; VariantName = "[No Variations]"
Add component (AddParameter): Name = "Hersteller"; Value = ""; VariantName = "[No Variations]"
Add component (AddParameter): Name = "Hersteller Nr"; Value = ""; VariantName = "[No Variations]"
Add component (AddParameter): Name = "housing/footprint"; Value = "0603"; VariantName = "[No Variations]"
Add component (AddParameter): Name = "Preis (CHF)"; Value = "0.01"; VariantName = "[No Variations]"
Add component (AddParameter): Name = "Value"; Value = "22"; VariantName = "[No Variations]"
Added Component: Designator=R12(RES 0603 FOOTPRINT)
Add component (AddParameter): Name = "Bezeichnung"; Value = "R SMD"; VariantName = "[No Variations]"
Add component (AddParameter): Name = "Haendler"; Value = "Mouser"; VariantName = "[No Variations]"
Add component (AddParameter): Name = "Haendler2"; Value = "Farnell"; VariantName = "[No Variations]"
Add component (AddParameter): Name = "Haendler2 Nr"; Value = "2447301"; VariantName = "[No Variations]"
Add component (AddParameter): Name = "HAendler Nr"; Value = "603-RC0603FR-0722RL"; VariantName = "[No Variations]"
Add component (AddParameter): Name = "Hersteller"; Value = ""; VariantName = "[No Variations]"
Add component (AddParameter): Name = "Hersteller Nr"; Value = ""; VariantName = "[No Variations]"
Add component (AddParameter): Name = "housing/footprint"; Value = "0603"; VariantName = "[No Variations]"
Add component (AddParameter): Name = "Preis (CHF)"; Value = "0.01"; VariantName = "[No Variations]"
Add component (AddParameter): Name = "Value"; Value = "22"; VariantName = "[No Variations]"
Added Pin To Net: NetName=MISO Pin=R10-2
Added Pin To Net: NetName=SCK Pin=R11-1
Added Pin To Net: NetName=MOSI Pin=R12-1
Added Pin To Net: NetName=NetR10_1 Pin=R10-1
Added Pin To Net: NetName=NetR10_1 Pin=U1-19
Added Net: Name=NetR10_1
Added Pin To Net: NetName=NetR11_2 Pin=R11-2
Added Pin To Net: NetName=NetR11_2 Pin=U7-4
Added Net: Name=NetR11_2
Added Pin To Net: NetName=NetR12_2 Pin=R12-2
Added Pin To Net: NetName=NetR12_2 Pin=U7-5
Added Net: Name=NetR12_2
Added Member To Class: ClassName=Beetech GSM MKR1400 Member=Component R10 22 Ohm 0603
Added Member To Class: ClassName=Beetech GSM MKR1400 Member=Component R11 22 Ohm 0603
Added Member To Class: ClassName=Beetech GSM MKR1400 Member=Component R12 22 Ohm 0603
