Removed Pin From Net: NetName=GND Pin=C1-1
Removed Pin From Net: NetName=VCC 3.3V Pin=C1-2
Removed Pin From Net: NetName=GND Pin=C3-2
Removed Pin From Net: NetName=VCC 5V Pin=C4-1
Removed Pin From Net: NetName=VCC 5V Pin=C5-1
Removed Pin From Net: NetName=SOUND_DATA Pin=C7-1
Removed Pin From Net: NetName=V IN Pin=P7-1
Removed Pin From Net: NetName=GND Pin=P7-2
Removed Pin From Net: NetName=GND Pin=R4-1
Removed Pin From Net: NetName=GND Pin=R5-1
Removed Pin From Net: NetName=GND Pin=R8-1
Removed Pin From Net: NetName=GND Pin=R9-1
Removed Pin From Net: NetName=GND Pin=S2-1
Removed Pin From Net: NetName=VCC 5V Pin=S2-3
Removed Pin From Net: NetName=VCC 5V Pin=S3-1
Removed Pin From Net: NetName=VCC 5V Pin=S3-2
Removed Pin From Net: NetName=VCC 5V Pin=S4-1
Removed Pin From Net: NetName=VCC 5V Pin=S4-2
Removed Pin From Net: NetName=VCC 3.3V Pin=U1-1
Removed Pin From Net: NetName=GND Pin=U1-2
Removed Pin From Net: NetName=MOSI 3.3V Pin=U1-6
Removed Pin From Net: NetName=SCK 3.3V Pin=U1-7
Removed Pin From Net: NetName=VCC 3.3V Pin=U3-2
Removed Pin From Net: NetName=MOSI 3.3V Pin=U3-5
Removed Pin From Net: NetName=SCK 3.3V Pin=U3-6
Removed Pin From Net: NetName=MISO 3.3V Pin=U3-7
Removed Pin From Net: NetName=VCC 3.3V Pin=U3-8
Removed Pin From Net: NetName=GND Pin=U3-9
Removed Pin From Net: NetName=MISO Pin=U3-10
Removed Pin From Net: NetName=SCK Pin=U3-11
Removed Pin From Net: NetName=MOSI Pin=U3-12
Removed Pin From Net: NetName=VCC 5V Pin=U3-15
Removed Pin From Net: NetName=VCC 3.3V Pin=U5-1
Removed Pin From Net: NetName=GND Pin=U5-2
Removed Member From Class: ClassName=Beetech NanoEvery Member=C1
Removed Member From Class: ClassName=Beetech NanoEvery Member=C3
Removed Member From Class: ClassName=Beetech NanoEvery Member=C4
Removed Member From Class: ClassName=Beetech NanoEvery Member=C5
Removed Member From Class: ClassName=Beetech NanoEvery Member=P7
Removed Member From Class: ClassName=Beetech NanoEvery Member=R4
Removed Member From Class: ClassName=Beetech NanoEvery Member=R5
Removed Member From Class: ClassName=Beetech NanoEvery Member=R8
Removed Member From Class: ClassName=Beetech NanoEvery Member=R9
Removed Member From Class: ClassName=Beetech NanoEvery Member=S2
Removed Member From Class: ClassName=Beetech NanoEvery Member=S3
Removed Member From Class: ClassName=Beetech NanoEvery Member=S4
Removed Member From Class: ClassName=Beetech NanoEvery Member=U1
Removed Member From Class: ClassName=Beetech NanoEvery Member=U3
Removed Member From Class: ClassName=Beetech NanoEvery Member=U5
Change Component Designator: OldDesignator=R? NewDesignator=R6
Added Pin To Net: NetName=MOSI 3.3V Pin=U6-1
Added Pin To Net: NetName=SCK 3.3V Pin=U6-4
Added Pin To Net: NetName=MISO 3.3V Pin=U6-5
Added Pin To Net: NetName=MISO Pin=U6-12
Added Pin To Net: NetName=SCK Pin=U6-13
Added Pin To Net: NetName=MOSI Pin=U6-16
